1486070168256	geckodriver	INFO	Listening on 127.0.0.1:65435
1486070169013	mozprofile::profile	INFO	Using profile path /var/folders/0b/r1g2knv15b31v_jbgrf57mp80000gn/T/rust_mozprofile.HsKToxWWbAWO
1486070169015	geckodriver::marionette	INFO	Starting browser /Applications/Firefox.app/Contents/MacOS/firefox-bin
1486070169030	geckodriver::marionette	INFO	Connecting to Marionette on localhost:65444
1486070169838	Marionette	INFO	Listening on port 65444
1486070343899	geckodriver	INFO	Listening on 127.0.0.1:49176
1486070344852	mozprofile::profile	INFO	Using profile path /var/folders/0b/r1g2knv15b31v_jbgrf57mp80000gn/T/rust_mozprofile.LsQOVo2LEh4s
1486070344853	geckodriver::marionette	INFO	Starting browser /Applications/Firefox.app/Contents/MacOS/firefox-bin
1486070344856	geckodriver::marionette	INFO	Connecting to Marionette on localhost:49185
1486070345394	Marionette	INFO	Listening on port 49185
JavaScript warning: http://i.alicdn.com/sc-webatm/??webatm.c483657f.js, line 8: unreachable code after return statement
JavaScript warning: http://i.alicdn.com/sc-webatm/??webatm.c483657f.js, line 8: unreachable code after return statement
1486070393943	geckodriver	INFO	Listening on 127.0.0.1:49311
1486070394903	mozprofile::profile	INFO	Using profile path /var/folders/0b/r1g2knv15b31v_jbgrf57mp80000gn/T/rust_mozprofile.nAlR1VJHkL3A
1486070394904	geckodriver::marionette	INFO	Starting browser /Applications/Firefox.app/Contents/MacOS/firefox-bin
1486070394906	geckodriver::marionette	INFO	Connecting to Marionette on localhost:49320
1486070395487	Marionette	INFO	Listening on port 49320
JavaScript warning: http://i.alicdn.com/sc-webatm/??webatm.c483657f.js, line 8: unreachable code after return statement
JavaScript warning: http://i.alicdn.com/sc-webatm/??webatm.c483657f.js, line 8: unreachable code after return statement
1486070489398	geckodriver	INFO	Listening on 127.0.0.1:49459
1486070490353	mozprofile::profile	INFO	Using profile path /var/folders/0b/r1g2knv15b31v_jbgrf57mp80000gn/T/rust_mozprofile.HwmAehdrO5xJ
1486070490355	geckodriver::marionette	INFO	Starting browser /Applications/Firefox.app/Contents/MacOS/firefox-bin
1486070490357	geckodriver::marionette	INFO	Connecting to Marionette on localhost:49469
1486070490881	Marionette	INFO	Listening on port 49469
JavaScript warning: http://i.alicdn.com/sc-webatm/??webatm.c483657f.js, line 8: unreachable code after return statement
JavaScript warning: http://i.alicdn.com/sc-webatm/??webatm.c483657f.js, line 8: unreachable code after return statement
1486070729600	geckodriver	INFO	Listening on 127.0.0.1:49747
1486070730565	mozprofile::profile	INFO	Using profile path /var/folders/0b/r1g2knv15b31v_jbgrf57mp80000gn/T/rust_mozprofile.z7ltlcwjAwaK
1486070730566	geckodriver::marionette	INFO	Starting browser /Applications/Firefox.app/Contents/MacOS/firefox-bin
1486070730569	geckodriver::marionette	INFO	Connecting to Marionette on localhost:49756
1486070731149	Marionette	INFO	Listening on port 49756
1486070739643	geckodriver	INFO	Listening on 127.0.0.1:49781
1486070740607	mozprofile::profile	INFO	Using profile path /var/folders/0b/r1g2knv15b31v_jbgrf57mp80000gn/T/rust_mozprofile.jtiexas4dJ3C
1486070740608	geckodriver::marionette	INFO	Starting browser /Applications/Firefox.app/Contents/MacOS/firefox-bin
1486070740610	geckodriver::marionette	INFO	Connecting to Marionette on localhost:49790
1486070741105	Marionette	INFO	Listening on port 49790
JavaScript warning: http://i.alicdn.com/sc-webatm/??webatm.c483657f.js, line 8: unreachable code after return statement
JavaScript warning: http://i.alicdn.com/sc-webatm/??webatm.c483657f.js, line 8: unreachable code after return statement
1486070803138	geckodriver	INFO	Listening on 127.0.0.1:49995
1486070804100	mozprofile::profile	INFO	Using profile path /var/folders/0b/r1g2knv15b31v_jbgrf57mp80000gn/T/rust_mozprofile.iig0FcNK0WvJ
1486070804101	geckodriver::marionette	INFO	Starting browser /Applications/Firefox.app/Contents/MacOS/firefox-bin
1486070804104	geckodriver::marionette	INFO	Connecting to Marionette on localhost:50004
1486070804628	Marionette	INFO	Listening on port 50004
JavaScript warning: http://i.alicdn.com/sc-webatm/??webatm.c483657f.js, line 8: unreachable code after return statement
JavaScript warning: http://i.alicdn.com/sc-webatm/??webatm.c483657f.js, line 8: unreachable code after return statement
1486070840221	geckodriver	INFO	Listening on 127.0.0.1:50204
1486070841185	mozprofile::profile	INFO	Using profile path /var/folders/0b/r1g2knv15b31v_jbgrf57mp80000gn/T/rust_mozprofile.1p3nuJGPYW0o
1486070841187	geckodriver::marionette	INFO	Starting browser /Applications/Firefox.app/Contents/MacOS/firefox-bin
1486070841190	geckodriver::marionette	INFO	Connecting to Marionette on localhost:50213
1486070841718	Marionette	INFO	Listening on port 50213
JavaScript warning: http://i.alicdn.com/sc-webatm/??webatm.c483657f.js, line 8: unreachable code after return statement
JavaScript warning: http://i.alicdn.com/sc-webatm/??webatm.c483657f.js, line 8: unreachable code after return statement
[Child 67120] ###!!! ABORT: Aborting on channel error.: file /builds/slave/m-rel-m64-00000000000000000000/build/src/ipc/glue/MessageChannel.cpp, line 2056
[Child 67120] ###!!! ABORT: Aborting on channel error.: file /builds/slave/m-rel-m64-00000000000000000000/build/src/ipc/glue/MessageChannel.cpp, line 2056
1486072155473	geckodriver	INFO	Listening on 127.0.0.1:58500
1486072156438	mozprofile::profile	INFO	Using profile path /var/folders/0b/r1g2knv15b31v_jbgrf57mp80000gn/T/rust_mozprofile.nPiPlTp9ORkG
1486072156439	geckodriver::marionette	INFO	Starting browser /Applications/Firefox.app/Contents/MacOS/firefox-bin
1486072156442	geckodriver::marionette	INFO	Connecting to Marionette on localhost:58509
1486072156969	Marionette	INFO	Listening on port 58509
JavaScript warning: http://i.alicdn.com/sc-webatm/??webatm.c483657f.js, line 8: unreachable code after return statement
JavaScript warning: http://i.alicdn.com/sc-webatm/??webatm.c483657f.js, line 8: unreachable code after return statement
1486072228633	geckodriver	INFO	Listening on 127.0.0.1:58877
1486072229594	mozprofile::profile	INFO	Using profile path /var/folders/0b/r1g2knv15b31v_jbgrf57mp80000gn/T/rust_mozprofile.71mOXHdYyE5k
1486072229595	geckodriver::marionette	INFO	Starting browser /Applications/Firefox.app/Contents/MacOS/firefox-bin
1486072229598	geckodriver::marionette	INFO	Connecting to Marionette on localhost:58886
1486072230136	Marionette	INFO	Listening on port 58886
JavaScript warning: http://i.alicdn.com/sc-webatm/??webatm.c483657f.js, line 8: unreachable code after return statement
JavaScript warning: http://i.alicdn.com/sc-webatm/??webatm.c483657f.js, line 8: unreachable code after return statement
[Child 68340] ###!!! ABORT: Aborting on channel error.: file /builds/slave/m-rel-m64-00000000000000000000/build/src/ipc/glue/MessageChannel.cpp, line 2056
[Child 68340] ###!!! ABORT: Aborting on channel error.: file /builds/slave/m-rel-m64-00000000000000000000/build/src/ipc/glue/MessageChannel.cpp, line 2056
